  func.cpp
c1xx : warning C4199: two-phase name lookup is not supported for C++/CLI, C++/CX, or OpenMP; use /Zc:twoPhase-
c:\users\we\source\repos\diploma\diploma\func.cpp(78): warning C4018: '<': signed/unsigned mismatch
c:\users\we\source\repos\diploma\diploma\func.cpp(93): warning C4018: '<': signed/unsigned mismatch
c:\users\we\source\repos\diploma\diploma\func.cpp(94): warning C4018: '<': signed/unsigned mismatch
c:\users\we\source\repos\diploma\diploma\func.cpp(103): warning C4018: '<': signed/unsigned mismatch
c:\users\we\source\repos\diploma\diploma\func.cpp(107): warning C4018: '<': signed/unsigned mismatch
c:\users\we\source\repos\diploma\diploma\func.cpp(119): warning C4018: '<': signed/unsigned mismatch
c:\users\we\source\repos\diploma\diploma\func.cpp(122): warning C4018: '<': signed/unsigned mismatch
c:\users\we\source\repos\diploma\diploma\func.cpp(127): warning C4018: '<': signed/unsigned mismatch
c:\users\we\source\repos\diploma\diploma\func.cpp(133): warning C4018: '<': signed/unsigned mismatch
c:\users\we\source\repos\diploma\diploma\func.cpp(138): warning C4018: '<': signed/unsigned mismatch
c:\users\we\source\repos\diploma\diploma\func.cpp(151): warning C4018: '<': signed/unsigned mismatch
c:\users\we\source\repos\diploma\diploma\func.cpp(152): warning C4018: '<': signed/unsigned mismatch
c:\users\we\source\repos\diploma\diploma\func.cpp(202): warning C4018: '<': signed/unsigned mismatch
c:\users\we\source\repos\diploma\diploma\func.cpp(217): warning C4018: '<': signed/unsigned mismatch
c:\users\we\source\repos\diploma\diploma\func.cpp(218): warning C4018: '<': signed/unsigned mismatch
c:\users\we\source\repos\diploma\diploma\func.cpp(227): warning C4018: '<': signed/unsigned mismatch
c:\users\we\source\repos\diploma\diploma\func.cpp(231): warning C4018: '<': signed/unsigned mismatch
c:\users\we\source\repos\diploma\diploma\func.cpp(245): warning C4018: '<': signed/unsigned mismatch
c:\users\we\source\repos\diploma\diploma\func.cpp(249): warning C4018: '<': signed/unsigned mismatch
c:\users\we\source\repos\diploma\diploma\func.cpp(262): warning C4018: '<': signed/unsigned mismatch
c:\users\we\source\repos\diploma\diploma\func.cpp(264): warning C4018: '<': signed/unsigned mismatch
c:\users\we\source\repos\diploma\diploma\func.cpp(271): warning C4018: '<': signed/unsigned mismatch
c:\users\we\source\repos\diploma\diploma\func.cpp(277): warning C4018: '<': signed/unsigned mismatch
c:\users\we\source\repos\diploma\diploma\func.cpp(278): warning C4018: '<': signed/unsigned mismatch
c:\users\we\source\repos\diploma\diploma\func.cpp(285): warning C4018: '<': signed/unsigned mismatch
c:\users\we\source\repos\diploma\diploma\func.cpp(292): warning C4018: '<': signed/unsigned mismatch
c:\users\we\source\repos\diploma\diploma\func.cpp(294): warning C4018: '<': signed/unsigned mismatch
c:\users\we\source\repos\diploma\diploma\func.cpp(303): warning C4018: '<': signed/unsigned mismatch
c:\users\we\source\repos\diploma\diploma\func.cpp(306): warning C4018: '<': signed/unsigned mismatch
c:\users\we\source\repos\diploma\diploma\func.cpp(316): warning C4018: '<': signed/unsigned mismatch
c:\users\we\source\repos\diploma\diploma\func.cpp(320): warning C4018: '<': signed/unsigned mismatch
c:\users\we\source\repos\diploma\diploma\func.cpp(332): warning C4018: '<': signed/unsigned mismatch
c:\users\we\source\repos\diploma\diploma\func.cpp(334): warning C4018: '<': signed/unsigned mismatch
c:\users\we\source\repos\diploma\diploma\func.cpp(343): warning C4018: '<': signed/unsigned mismatch
c:\users\we\source\repos\diploma\diploma\func.cpp(371): warning C4018: '<': signed/unsigned mismatch
c:\users\we\source\repos\diploma\diploma\func.cpp(378): warning C4018: '<': signed/unsigned mismatch
c:\users\we\source\repos\diploma\diploma\func.cpp(394): warning C4018: '<': signed/unsigned mismatch
c:\users\we\source\repos\diploma\diploma\func.cpp(451): warning C4018: '<': signed/unsigned mismatch
c:\users\we\source\repos\diploma\diploma\func.cpp(468): warning C4018: '<': signed/unsigned mismatch
c:\users\we\source\repos\diploma\diploma\func.cpp(469): warning C4018: '<': signed/unsigned mismatch
c:\users\we\source\repos\diploma\diploma\func.cpp(607): warning C4018: '<': signed/unsigned mismatch
c:\users\we\source\repos\diploma\diploma\func.cpp(695): warning C4018: '<': signed/unsigned mismatch
c:\users\we\source\repos\diploma\diploma\func.cpp(704): warning C4018: '<': signed/unsigned mismatch
c:\users\we\source\repos\diploma\diploma\func.cpp(772): warning C4018: '<': signed/unsigned mismatch
c:\users\we\source\repos\diploma\diploma\func.cpp(782): warning C4018: '<': signed/unsigned mismatch
c:\users\we\source\repos\diploma\diploma\func.cpp(792): warning C4018: '<': signed/unsigned mismatch
c:\users\we\source\repos\diploma\diploma\func.cpp(802): warning C4018: '<': signed/unsigned mismatch
c:\users\we\source\repos\diploma\diploma\func.cpp(803): warning C4018: '<': signed/unsigned mismatch
c:\users\we\source\repos\diploma\diploma\func.cpp(814): warning C4018: '<': signed/unsigned mismatch
c:\users\we\source\repos\diploma\diploma\func.cpp(825): warning C4018: '<': signed/unsigned mismatch
c:\users\we\source\repos\diploma\diploma\func.cpp(836): warning C4018: '<': signed/unsigned mismatch
c:\users\we\source\repos\diploma\diploma\func.cpp(847): warning C4018: '<': signed/unsigned mismatch
c:\users\we\source\repos\diploma\diploma\func.cpp(848): warning C4018: '<': signed/unsigned mismatch
c:\users\we\source\repos\diploma\diploma\func.cpp(859): warning C4018: '<': signed/unsigned mismatch
c:\users\we\source\repos\diploma\diploma\func.cpp(868): warning C4018: '<': signed/unsigned mismatch
c:\users\we\source\repos\diploma\diploma\func.cpp(904): warning C4018: '<': signed/unsigned mismatch
c:\users\we\source\repos\diploma\diploma\func.cpp(928): warning C4018: '<': signed/unsigned mismatch
c:\users\we\source\repos\diploma\diploma\func.cpp(941): warning C4018: '<': signed/unsigned mismatch
c:\users\we\source\repos\diploma\diploma\func.cpp(948): warning C4018: '<': signed/unsigned mismatch
c:\users\we\source\repos\diploma\diploma\func.cpp(981): warning C4018: '<': signed/unsigned mismatch
c:\users\we\source\repos\diploma\diploma\func.cpp(1034): warning C4018: '<': signed/unsigned mismatch
c:\users\we\source\repos\diploma\diploma\func.cpp(1046): warning C4018: '<': signed/unsigned mismatch
c:\users\we\source\repos\diploma\diploma\func.cpp(1050): warning C4101: 'eps1': unreferenced local variable
c:\users\we\source\repos\diploma\diploma\func.cpp(1050): warning C4101: 'gain': unreferenced local variable
c:\users\we\source\repos\diploma\diploma\func.cpp(1050): warning C4101: 'eps2': unreferenced local variable
c:\users\we\source\repos\diploma\diploma\func.cpp(1123): warning C4018: '<': signed/unsigned mismatch
c:\users\we\source\repos\diploma\diploma\func.cpp(1128): warning C4018: '<': signed/unsigned mismatch
c:\users\we\source\repos\diploma\diploma\func.cpp(1132): warning C4101: 'eps1': unreferenced local variable
c:\users\we\source\repos\diploma\diploma\func.cpp(1132): warning C4101: 'gain': unreferenced local variable
c:\users\we\source\repos\diploma\diploma\func.cpp(1132): warning C4101: 'eps2': unreferenced local variable
c:\users\we\source\repos\diploma\diploma\func.cpp(1280): warning C4018: '<': signed/unsigned mismatch
c:\users\we\source\repos\diploma\diploma\func.cpp(1281): warning C4018: '<': signed/unsigned mismatch
c:\users\we\source\repos\diploma\diploma\func.cpp(1308): warning C4018: '<': signed/unsigned mismatch
c:\users\we\source\repos\diploma\diploma\func.cpp(1312): warning C4018: '<': signed/unsigned mismatch
c:\users\we\source\repos\diploma\diploma\func.cpp(1361): warning C4018: '<': signed/unsigned mismatch
c:\users\we\source\repos\diploma\diploma\func.cpp(1365): warning C4018: '<': signed/unsigned mismatch
c:\users\we\source\repos\diploma\diploma\func.cpp(1447): warning C4018: '<': signed/unsigned mismatch
c:\users\we\source\repos\diploma\diploma\func.cpp(1449): warning C4018: '<': signed/unsigned mismatch
c:\users\we\source\repos\diploma\diploma\func.cpp(1455): warning C4018: '<': signed/unsigned mismatch
c:\users\we\source\repos\diploma\diploma\func.cpp(1459): warning C4018: '<': signed/unsigned mismatch
c:\users\we\source\repos\diploma\diploma\func.cpp(1471): warning C4018: '<': signed/unsigned mismatch
c:\users\we\source\repos\diploma\diploma\func.cpp(1501): warning C4101: 'current_interval_num': unreferenced local variable
  diploma.vcxproj -> C:\Users\we\source\repos\diploma\Debug\diploma.exe
